    OpenRGB v0.9
    Commit:  from 
    Launched: 20240718_103334
====================================================================================================

0     |Info:    Found file: White.orp attempting to validate header
0     |Info:    Valid v4 profile found for White
1003  |Info:    ------------------------------------------------------
1003  |Info:    |               Start device detection               |
1003  |Info:    ------------------------------------------------------
1003  |Info:    Initializing HID interfaces: Success
1006  |Info:    ------------------------------------------------------
1006  |Info:    |             Detecting I2C interfaces               |
1006  |Info:    ------------------------------------------------------
1007  |Info:    Registering I2C interface: /dev/i2c-3 Device 1022:790B Subsystem: 1462:7B89
1007  |Info:    Registering I2C interface: /dev/i2c-1 Device 10DE:1AED Subsystem: 1462:C75A
1007  |Info:    Registering I2C interface: /dev/i2c-6 Device 10DE:21C4 Subsystem: 1462:C75A
1007  |Info:    Registering I2C interface: /dev/i2c-4 Device 10DE:21C4 Subsystem: 1462:C75A
1007  |Info:    Registering I2C interface: /dev/i2c-2 Device 1022:790B Subsystem: 1462:7B89
1007  |Info:    Registering I2C interface: /dev/i2c-0 Device 1022:790B Subsystem: 1462:7B89
1007  |Info:    Registering I2C interface: /dev/i2c-7 Device 10DE:21C4 Subsystem: 1462:C75A
1007  |Info:    Registering I2C interface: /dev/i2c-5 Device 10DE:21C4 Subsystem: 1462:C75A
1007  |Info:    ------------------------------------------------------
1007  |Info:    |               Detecting I2C devices                |
1007  |Info:    ------------------------------------------------------
1042  |Info:    [HyperX Fury RGB] Registering RGB controller
2061  |Info:    ------------------------------------------------------
2061  |Info:    |               Detecting I2C PCI devices            |
2061  |Info:    ------------------------------------------------------
2062  |Info:    ------------------------------------------------------
2062  |Info:    |               Detecting HID devices                |
2062  |Info:    ------------------------------------------------------
2063  |Info:    [Keychron Gaming Keyboard 1] Registering RGB controller
2063  |Info:    ------------------------------------------------------
2063  |Info:    |            Detecting libusb HID devices            |
2063  |Info:    ------------------------------------------------------
2173  |Info:    ------------------------------------------------------
2173  |Info:    |              Detecting other devices               |
2173  |Info:    ------------------------------------------------------
2180  |Info:    ------------------------------------------------------
2180  |Info:    |                Detection completed                 |
2180  |Info:    ------------------------------------------------------
2180  |Info:    Profile loading: Succeeded for HyperX Fury RGB @ I2C: /dev/i2c-0, address 0x27
2180  |Info:    Profile loading: Succeeded for Keychron Gaming Keyboard 1 @ HID: /dev/hidraw2
