    OpenRGB v0.9
    Commit:  from 
    Launched: 20240626_083619
====================================================================================================

0     |Info:    Found file: White.orp attempting to validate header
3     |Info:    Valid v4 profile found for White
1006  |Info:    ------------------------------------------------------
1023  |Info:    |               Start device detection               |
1023  |Info:    ------------------------------------------------------
1023  |Info:    Initializing HID interfaces: Success
1029  |Info:    ------------------------------------------------------
1029  |Info:    |             Detecting I2C interfaces               |
1029  |Info:    ------------------------------------------------------
1029  |Info:    Registering I2C interface: /dev/i2c-3 Device 1022:790B Subsystem: 1462:7B89
1029  |Info:    Registering I2C interface: /dev/i2c-1 Device 10DE:1AED Subsystem: 1462:C75A
1029  |Info:    Registering I2C interface: /dev/i2c-6 Device 10DE:21C4 Subsystem: 1462:C75A
1029  |Info:    Registering I2C interface: /dev/i2c-4 Device 10DE:21C4 Subsystem: 1462:C75A
1029  |Info:    Registering I2C interface: /dev/i2c-2 Device 1022:790B Subsystem: 1462:7B89
1029  |Info:    Registering I2C interface: /dev/i2c-0 Device 1022:790B Subsystem: 1462:7B89
1030  |Info:    Registering I2C interface: /dev/i2c-7 Device 10DE:21C4 Subsystem: 1462:C75A
1030  |Info:    Registering I2C interface: /dev/i2c-5 Device 10DE:21C4 Subsystem: 1462:C75A
1030  |Info:    ------------------------------------------------------
1030  |Info:    |               Detecting I2C devices                |
1030  |Info:    ------------------------------------------------------
1064  |Info:    [HyperX Fury RGB] Registering RGB controller
2083  |Info:    ------------------------------------------------------
2083  |Info:    |               Detecting I2C PCI devices            |
2083  |Info:    ------------------------------------------------------
2084  |Info:    ------------------------------------------------------
2084  |Info:    |               Detecting HID devices                |
2084  |Info:    ------------------------------------------------------
2084  |Info:    [Keychron Gaming Keyboard 1] Registering RGB controller
3147  |Info:    [Corsair Harpoon RGB PRO] Registering RGB controller
3147  |Info:    ------------------------------------------------------
3147  |Info:    |            Detecting libusb HID devices            |
3147  |Info:    ------------------------------------------------------
3322  |Info:    ------------------------------------------------------
3322  |Info:    |              Detecting other devices               |
3322  |Info:    ------------------------------------------------------
3328  |Info:    ------------------------------------------------------
3328  |Info:    |                Detection completed                 |
3328  |Info:    ------------------------------------------------------
3329  |Info:    Profile loading: Succeeded for HyperX Fury RGB @ I2C: /dev/i2c-0, address 0x27
3329  |Info:    Profile loading: Succeeded for Keychron Gaming Keyboard 1 @ HID: /dev/hidraw4
3329  |Info:    Profile loading: Succeeded for Corsair Harpoon RGB PRO @ HID: /dev/hidraw2
