    OpenRGB v0.9
    Commit:  from 
    Launched: 20240618_100015
====================================================================================================

1     |Info:    Found file: White.orp attempting to validate header
5     |Info:    Valid v4 profile found for White
1007  |Info:    ------------------------------------------------------
1007  |Info:    |               Start device detection               |
1007  |Info:    ------------------------------------------------------
1008  |Info:    Initializing HID interfaces: Success
1013  |Info:    ------------------------------------------------------
1013  |Info:    |             Detecting I2C interfaces               |
1013  |Info:    ------------------------------------------------------
1013  |Info:    Registering I2C interface: /dev/i2c-3 Device 10DE:1AED Subsystem: 1462:C75A
1013  |Info:    Registering I2C interface: /dev/i2c-1 Device 1022:790B Subsystem: 1462:7B89
1013  |Info:    Registering I2C interface: /dev/i2c-6 Device 10DE:21C4 Subsystem: 1462:C75A
1013  |Info:    Registering I2C interface: /dev/i2c-4 Device 10DE:21C4 Subsystem: 1462:C75A
1013  |Info:    Registering I2C interface: /dev/i2c-2 Device 1022:790B Subsystem: 1462:7B89
1013  |Info:    Registering I2C interface: /dev/i2c-0 Device 1022:790B Subsystem: 1462:7B89
1013  |Info:    Registering I2C interface: /dev/i2c-7 Device 10DE:21C4 Subsystem: 1462:C75A
1013  |Info:    Registering I2C interface: /dev/i2c-5 Device 10DE:21C4 Subsystem: 1462:C75A
1013  |Info:    ------------------------------------------------------
1013  |Info:    |               Detecting I2C devices                |
1013  |Info:    ------------------------------------------------------
1048  |Info:    [HyperX Fury RGB] Registering RGB controller
2066  |Info:    ------------------------------------------------------
2066  |Info:    |               Detecting I2C PCI devices            |
2066  |Info:    ------------------------------------------------------
2067  |Info:    ------------------------------------------------------
2067  |Info:    |               Detecting HID devices                |
2067  |Info:    ------------------------------------------------------
2068  |Info:    [Keychron Gaming Keyboard 1] Registering RGB controller
3133  |Info:    [Corsair Harpoon RGB PRO] Registering RGB controller
3133  |Info:    ------------------------------------------------------
3133  |Info:    |            Detecting libusb HID devices            |
3133  |Info:    ------------------------------------------------------
3305  |Info:    ------------------------------------------------------
3305  |Info:    |              Detecting other devices               |
3305  |Info:    ------------------------------------------------------
3319  |Info:    ------------------------------------------------------
3319  |Info:    |                Detection completed                 |
3319  |Info:    ------------------------------------------------------
3319  |Info:    Profile loading: Succeeded for HyperX Fury RGB @ I2C: /dev/i2c-0, address 0x27
3319  |Info:    Profile loading: Succeeded for Keychron Gaming Keyboard 1 @ HID: /dev/hidraw4
3319  |Info:    Profile loading: Succeeded for Corsair Harpoon RGB PRO @ HID: /dev/hidraw2
