    OpenRGB v0.9
    Commit:  from 
    Launched: 20240612_095632
====================================================================================================

0     |Info:    Found file: White.orp attempting to validate header
0     |Info:    Valid v4 profile found for White
1002  |Info:    ------------------------------------------------------
1002  |Info:    |               Start device detection               |
1002  |Info:    ------------------------------------------------------
1003  |Info:    Initializing HID interfaces: Success
1009  |Info:    ------------------------------------------------------
1009  |Info:    |             Detecting I2C interfaces               |
1009  |Info:    ------------------------------------------------------
1009  |Info:    Registering I2C interface: /dev/i2c-3 Device 10DE:1AED Subsystem: 1462:C75A
1009  |Info:    Registering I2C interface: /dev/i2c-1 Device 1022:790B Subsystem: 1462:7B89
1009  |Info:    Registering I2C interface: /dev/i2c-6 Device 10DE:21C4 Subsystem: 1462:C75A
1009  |Info:    Registering I2C interface: /dev/i2c-4 Device 10DE:21C4 Subsystem: 1462:C75A
1010  |Info:    Registering I2C interface: /dev/i2c-2 Device 1022:790B Subsystem: 1462:7B89
1010  |Info:    Registering I2C interface: /dev/i2c-0 Device 1022:790B Subsystem: 1462:7B89
1010  |Info:    Registering I2C interface: /dev/i2c-7 Device 10DE:21C4 Subsystem: 1462:C75A
1010  |Info:    Registering I2C interface: /dev/i2c-5 Device 10DE:21C4 Subsystem: 1462:C75A
1010  |Info:    ------------------------------------------------------
1010  |Info:    |               Detecting I2C devices                |
1010  |Info:    ------------------------------------------------------
1045  |Info:    [HyperX Fury RGB] Registering RGB controller
2066  |Info:    ------------------------------------------------------
2066  |Info:    |               Detecting I2C PCI devices            |
2066  |Info:    ------------------------------------------------------
2068  |Info:    ------------------------------------------------------
2068  |Info:    |               Detecting HID devices                |
2068  |Info:    ------------------------------------------------------
2069  |Info:    [Keychron Gaming Keyboard 1] Registering RGB controller
3135  |Info:    [Corsair Harpoon RGB PRO] Registering RGB controller
3135  |Info:    ------------------------------------------------------
3135  |Info:    |            Detecting libusb HID devices            |
3135  |Info:    ------------------------------------------------------
3261  |Info:    ------------------------------------------------------
3261  |Info:    |              Detecting other devices               |
3261  |Info:    ------------------------------------------------------
3268  |Info:    ------------------------------------------------------
3268  |Info:    |                Detection completed                 |
3268  |Info:    ------------------------------------------------------
