    OpenRGB v0.9
    Commit:  from 
    Launched: 20240611_101741
====================================================================================================

0     |Info:    Found file: White.orp attempting to validate header
0     |Info:    Valid v4 profile found for White
1001  |Info:    ------------------------------------------------------
1002  |Info:    |               Start device detection               |
1002  |Info:    ------------------------------------------------------
1002  |Info:    Initializing HID interfaces: Success
1008  |Info:    ------------------------------------------------------
1008  |Info:    |             Detecting I2C interfaces               |
1008  |Info:    ------------------------------------------------------
1008  |Info:    Registering I2C interface: /dev/i2c-3 Device 1022:790B Subsystem: 1462:7B89
1008  |Info:    Registering I2C interface: /dev/i2c-1 Device 1022:790B Subsystem: 1462:7B89
1008  |Info:    Registering I2C interface: /dev/i2c-6 Device 10DE:21C4 Subsystem: 1462:C75A
1008  |Info:    Registering I2C interface: /dev/i2c-4 Device 10DE:21C4 Subsystem: 1462:C75A
1008  |Info:    Registering I2C interface: /dev/i2c-2 Device 1022:790B Subsystem: 1462:7B89
1008  |Info:    Registering I2C interface: /dev/i2c-0 Device 10DE:1AED Subsystem: 1462:C75A
1008  |Info:    Registering I2C interface: /dev/i2c-7 Device 10DE:21C4 Subsystem: 1462:C75A
1009  |Info:    Registering I2C interface: /dev/i2c-5 Device 10DE:21C4 Subsystem: 1462:C75A
1009  |Info:    ------------------------------------------------------
1009  |Info:    |               Detecting I2C devices                |
1009  |Info:    ------------------------------------------------------
1044  |Info:    [HyperX Fury RGB] Registering RGB controller
2074  |Info:    ------------------------------------------------------
2074  |Info:    |               Detecting I2C PCI devices            |
2074  |Info:    ------------------------------------------------------
2076  |Info:    ------------------------------------------------------
2076  |Info:    |               Detecting HID devices                |
2076  |Info:    ------------------------------------------------------
2076  |Info:    [Keychron Gaming Keyboard 1] Registering RGB controller
3141  |Info:    [Corsair Harpoon RGB PRO] Registering RGB controller
3141  |Info:    ------------------------------------------------------
3141  |Info:    |            Detecting libusb HID devices            |
3141  |Info:    ------------------------------------------------------
3260  |Info:    ------------------------------------------------------
3260  |Info:    |              Detecting other devices               |
3260  |Info:    ------------------------------------------------------
3267  |Info:    ------------------------------------------------------
3267  |Info:    |                Detection completed                 |
3267  |Info:    ------------------------------------------------------
