    OpenRGB v0.9
    Commit:  from 
    Launched: 20240613_101635
====================================================================================================

0     |Info:    Found file: White.orp attempting to validate header
0     |Info:    Valid v4 profile found for White
1003  |Info:    ------------------------------------------------------
1003  |Info:    |               Start device detection               |
1003  |Info:    ------------------------------------------------------
1003  |Info:    Initializing HID interfaces: Success
1011  |Info:    ------------------------------------------------------
1011  |Info:    |             Detecting I2C interfaces               |
1011  |Info:    ------------------------------------------------------
1011  |Info:    Registering I2C interface: /dev/i2c-3 Device 1022:790B Subsystem: 1462:7B89
1011  |Info:    Registering I2C interface: /dev/i2c-1 Device 1022:790B Subsystem: 1462:7B89
1011  |Info:    Registering I2C interface: /dev/i2c-6 Device 10DE:21C4 Subsystem: 1462:C75A
1012  |Info:    Registering I2C interface: /dev/i2c-4 Device 10DE:21C4 Subsystem: 1462:C75A
1012  |Info:    Registering I2C interface: /dev/i2c-2 Device 1022:790B Subsystem: 1462:7B89
1012  |Info:    Registering I2C interface: /dev/i2c-0 Device 10DE:1AED Subsystem: 1462:C75A
1012  |Info:    Registering I2C interface: /dev/i2c-7 Device 10DE:21C4 Subsystem: 1462:C75A
1012  |Info:    Registering I2C interface: /dev/i2c-5 Device 10DE:21C4 Subsystem: 1462:C75A
1012  |Info:    ------------------------------------------------------
1012  |Info:    |               Detecting I2C devices                |
1012  |Info:    ------------------------------------------------------
1046  |Info:    [HyperX Fury RGB] Registering RGB controller
2072  |Info:    ------------------------------------------------------
2072  |Info:    |               Detecting I2C PCI devices            |
2072  |Info:    ------------------------------------------------------
2074  |Info:    ------------------------------------------------------
2074  |Info:    |               Detecting HID devices                |
2074  |Info:    ------------------------------------------------------
2074  |Info:    [Keychron Gaming Keyboard 1] Registering RGB controller
3138  |Info:    [Corsair Harpoon RGB PRO] Registering RGB controller
3138  |Info:    ------------------------------------------------------
3138  |Info:    |            Detecting libusb HID devices            |
3138  |Info:    ------------------------------------------------------
3263  |Info:    ------------------------------------------------------
3263  |Info:    |              Detecting other devices               |
3263  |Info:    ------------------------------------------------------
3272  |Info:    ------------------------------------------------------
3272  |Info:    |                Detection completed                 |
3272  |Info:    ------------------------------------------------------
101614|Info:    Profile loading: Succeeded for HyperX Fury RGB @ I2C: /dev/i2c-1, address 0x27
101614|Info:    Profile loading: Succeeded for Keychron Gaming Keyboard 1 @ HID: /dev/hidraw4
101614|Info:    Profile loading: Succeeded for Corsair Harpoon RGB PRO @ HID: /dev/hidraw2
145651|Info:    Found file: White.orp attempting to validate header
145651|Info:    Valid v4 profile found for White
147973|Info:    Profile loading: Succeeded for HyperX Fury RGB @ I2C: /dev/i2c-1, address 0x27
147973|Info:    Profile loading: Succeeded for Keychron Gaming Keyboard 1 @ HID: /dev/hidraw4
147973|Info:    Profile loading: Succeeded for Corsair Harpoon RGB PRO @ HID: /dev/hidraw2
