    OpenRGB v0.9
    Commit:  from 
    Launched: 20240615_130144
====================================================================================================

0     |Info:    Found file: White.orp attempting to validate header
1     |Info:    Valid v4 profile found for White
1004  |Info:    ------------------------------------------------------
1004  |Info:    |               Start device detection               |
1004  |Info:    ------------------------------------------------------
1004  |Info:    Initializing HID interfaces: Success
1009  |Info:    ------------------------------------------------------
1009  |Info:    |             Detecting I2C interfaces               |
1009  |Info:    ------------------------------------------------------
1009  |Info:    Registering I2C interface: /dev/i2c-3 Device 10DE:1AED Subsystem: 1462:C75A
1009  |Info:    Registering I2C interface: /dev/i2c-1 Device 1022:790B Subsystem: 1462:7B89
1009  |Info:    Registering I2C interface: /dev/i2c-6 Device 10DE:21C4 Subsystem: 1462:C75A
1009  |Info:    Registering I2C interface: /dev/i2c-4 Device 10DE:21C4 Subsystem: 1462:C75A
1009  |Info:    Registering I2C interface: /dev/i2c-2 Device 1022:790B Subsystem: 1462:7B89
1009  |Info:    Registering I2C interface: /dev/i2c-0 Device 1022:790B Subsystem: 1462:7B89
1009  |Info:    Registering I2C interface: /dev/i2c-7 Device 10DE:21C4 Subsystem: 1462:C75A
1009  |Info:    Registering I2C interface: /dev/i2c-5 Device 10DE:21C4 Subsystem: 1462:C75A
1009  |Info:    ------------------------------------------------------
1009  |Info:    |               Detecting I2C devices                |
1009  |Info:    ------------------------------------------------------
1043  |Info:    [HyperX Fury RGB] Registering RGB controller
2056  |Info:    ------------------------------------------------------
2056  |Info:    |               Detecting I2C PCI devices            |
2056  |Info:    ------------------------------------------------------
2057  |Info:    ------------------------------------------------------
2057  |Info:    |               Detecting HID devices                |
2057  |Info:    ------------------------------------------------------
2058  |Info:    [Keychron Gaming Keyboard 1] Registering RGB controller
3122  |Info:    [Corsair Harpoon RGB PRO] Registering RGB controller
3122  |Info:    ------------------------------------------------------
3122  |Info:    |            Detecting libusb HID devices            |
3122  |Info:    ------------------------------------------------------
3293  |Info:    ------------------------------------------------------
3293  |Info:    |              Detecting other devices               |
3293  |Info:    ------------------------------------------------------
3303  |Info:    ------------------------------------------------------
3303  |Info:    |                Detection completed                 |
3303  |Info:    ------------------------------------------------------
3303  |Info:    Profile loading: Succeeded for HyperX Fury RGB @ I2C: /dev/i2c-0, address 0x27
3303  |Info:    Profile loading: Succeeded for Keychron Gaming Keyboard 1 @ HID: /dev/hidraw4
3303  |Info:    Profile loading: Succeeded for Corsair Harpoon RGB PRO @ HID: /dev/hidraw2
