    OpenRGB v0.9
    Commit:  from 
    Launched: 20240720_192458
====================================================================================================

5     |Info:    Found file: White.orp attempting to validate header
23    |Info:    Valid v4 profile found for White
1026  |Info:    ------------------------------------------------------
1026  |Info:    |               Start device detection               |
1026  |Info:    ------------------------------------------------------
1026  |Info:    Initializing HID interfaces: Success
1032  |Info:    ------------------------------------------------------
1032  |Info:    |             Detecting I2C interfaces               |
1032  |Info:    ------------------------------------------------------
1032  |Info:    Registering I2C interface: /dev/i2c-3 Device 10DE:1AED Subsystem: 1462:C75A
1032  |Info:    Registering I2C interface: /dev/i2c-1 Device 1022:790B Subsystem: 1462:7B89
1032  |Info:    Registering I2C interface: /dev/i2c-6 Device 10DE:21C4 Subsystem: 1462:C75A
1032  |Info:    Registering I2C interface: /dev/i2c-4 Device 10DE:21C4 Subsystem: 1462:C75A
1032  |Info:    Registering I2C interface: /dev/i2c-2 Device 1022:790B Subsystem: 1462:7B89
1032  |Info:    Registering I2C interface: /dev/i2c-0 Device 1022:790B Subsystem: 1462:7B89
1032  |Info:    Registering I2C interface: /dev/i2c-7 Device 10DE:21C4 Subsystem: 1462:C75A
1032  |Info:    Registering I2C interface: /dev/i2c-5 Device 10DE:21C4 Subsystem: 1462:C75A
1032  |Info:    ------------------------------------------------------
1032  |Info:    |               Detecting I2C devices                |
1032  |Info:    ------------------------------------------------------
1067  |Info:    [HyperX Fury RGB] Registering RGB controller
2080  |Info:    ------------------------------------------------------
2081  |Info:    |               Detecting I2C PCI devices            |
2081  |Info:    ------------------------------------------------------
2081  |Info:    ------------------------------------------------------
2081  |Info:    |               Detecting HID devices                |
2081  |Info:    ------------------------------------------------------
2082  |Info:    [Keychron Gaming Keyboard 1] Registering RGB controller
2082  |Info:    ------------------------------------------------------
2082  |Info:    |            Detecting libusb HID devices            |
2082  |Info:    ------------------------------------------------------
2187  |Info:    ------------------------------------------------------
2187  |Info:    |              Detecting other devices               |
2187  |Info:    ------------------------------------------------------
2193  |Info:    ------------------------------------------------------
2193  |Info:    |                Detection completed                 |
2193  |Info:    ------------------------------------------------------
2193  |Info:    Profile loading: Succeeded for HyperX Fury RGB @ I2C: /dev/i2c-0, address 0x27
2193  |Info:    Profile loading: Succeeded for Keychron Gaming Keyboard 1 @ HID: /dev/hidraw4
